[2026-04-24 16:03:11] Starte Patch-Scraping für 16 ausgewählte Profile...
[2026-04-24 16:03:11] Extrahiere Profil: denis-menchov...
[2026-04-24 16:03:12] ❌ Fehler bei denis-menchov: list index out of range
[2026-04-24 16:03:22] Extrahiere Profil: aleksandr-vlasov...
[2026-04-24 16:03:22] ❌ Fehler bei aleksandr-vlasov: list index out of range
[2026-04-24 16:03:32] Extrahiere Profil: aleksey-lutsenko...
[2026-04-24 16:03:32] ❌ Fehler bei aleksey-lutsenko: list index out of range
[2026-04-24 16:03:42] Extrahiere Profil: andrey-kashechkin...
[2026-04-24 16:03:42] ❌ Fehler bei andrey-kashechkin: list index out of range
[2026-04-24 16:03:52] Extrahiere Profil: biniam-girmay...
[2026-04-24 16:03:53] ❌ Fehler bei biniam-girmay: list index out of range
[2026-04-24 16:04:03] Extrahiere Profil: filippo-fiorelli...
[2026-04-24 16:04:03] ❌ Fehler bei filippo-fiorelli: list index out of range
[2026-04-24 16:04:13] Extrahiere Profil: assan-bazayev...
[2026-04-24 16:04:13] ❌ Fehler bei assan-bazayev: list index out of range
[2026-04-24 16:04:23] Extrahiere Profil: yukiya-arashiro...
[2026-04-24 16:04:23] ❌ Fehler bei yukiya-arashiro: list index out of range
[2026-04-24 16:04:33] Extrahiere Profil: serhiy-honchar...
[2026-04-24 16:04:33] ❌ Fehler bei serhiy-honchar: list index out of range
[2026-04-24 16:04:43] Extrahiere Profil: romain-gregoire...
[2026-04-24 16:04:44] ✅ romain-gregoire in riders_patched_extras.jsonl gesichert.
[2026-04-24 16:04:51] Extrahiere Profil: maxim-iglinskiy...
[2026-04-24 16:04:51] ❌ Fehler bei maxim-iglinskiy: list index out of range
[2026-04-24 16:05:01] Extrahiere Profil: gotzon-martin...
[2026-04-24 16:05:01] ❌ Fehler bei gotzon-martin: list index out of range
[2026-04-24 16:05:11] Extrahiere Profil: gabriele-bosisio...
[2026-04-24 16:05:11] ❌ Fehler bei gabriele-bosisio: list index out of range
[2026-04-24 16:05:21] Extrahiere Profil: paride-grillo...
[2026-04-24 16:05:21] ❌ Fehler bei paride-grillo: list index out of range
[2026-04-24 16:05:31] Extrahiere Profil: david-blanco...
[2026-04-24 16:05:32] ❌ Fehler bei david-blanco: list index out of range
[2026-04-24 16:05:42] Extrahiere Profil: merhawi-kudus...
[2026-04-24 16:05:42] ❌ Fehler bei merhawi-kudus: list index out of range
