[2026-05-01 13:49:27] Lade vorhandene Biometrie-Profile...
[2026-05-01 13:49:28] Gefundene Profile: 2291
[2026-05-01 13:49:28] Abgleich mit C:\projects\cycling_project\data\raw\grand_tour_stage_results.jsonl...
[2026-05-01 13:49:28] Ergebnis: 88 Fahrer fehlen noch und werden jetzt gescrapt.
[2026-05-01 13:49:28] Scrape Profil: luca-solari...
[2026-05-01 13:49:28] ❌ Schwerer Fehler bei luca-solari: list index out of range
[2026-05-01 13:49:33] Scrape Profil: jose-antonio-redondo-ramos...
[2026-05-01 13:49:33] ❌ Schwerer Fehler bei jose-antonio-redondo-ramos: list index out of range
[2026-05-01 13:49:38] Scrape Profil: elia-rigotto...
[2026-05-01 13:49:38] ❌ Schwerer Fehler bei elia-rigotto: list index out of range
[2026-05-01 13:49:43] Scrape Profil: scott-davies...
[2026-05-01 13:49:43] ❌ Schwerer Fehler bei scott-davies: list index out of range
[2026-05-01 13:49:48] Scrape Profil: viatcheslav-ekimov...
[2026-05-01 13:49:49] ❌ Schwerer Fehler bei viatcheslav-ekimov: list index out of range
[2026-05-01 13:49:54] Scrape Profil: sandy-dujardin...
[2026-05-01 13:49:54] ❌ Schwerer Fehler bei sandy-dujardin: list index out of range
[2026-05-01 13:49:59] Scrape Profil: bjoern-koerdt...
[2026-05-01 13:49:59] ❌ Schwerer Fehler bei bjoern-koerdt: list index out of range
[2026-05-01 13:50:04] Scrape Profil: eladio-jimenez...
[2026-05-01 13:50:04] ❌ Schwerer Fehler bei eladio-jimenez: list index out of range
[2026-05-01 13:50:09] Scrape Profil: francisco-jose-martinez-perez...
[2026-05-01 13:50:10] ❌ Schwerer Fehler bei francisco-jose-martinez-perez: list index out of range
[2026-05-01 13:50:15] Scrape Profil: alexander-arekeev...
[2026-05-01 13:50:16] ❌ Schwerer Fehler bei alexander-arekeev: list index out of range
[2026-05-01 13:50:21] Scrape Profil: ivan-quaranta...
[2026-05-01 13:50:21] ❌ Schwerer Fehler bei ivan-quaranta: list index out of range
[2026-05-01 13:50:26] Scrape Profil: eric-leblacher...
[2026-05-01 13:50:26] ❌ Schwerer Fehler bei eric-leblacher: list index out of range
[2026-05-01 13:50:31] Scrape Profil: manuele-tarozzi...
[2026-05-01 13:50:31] ❌ Schwerer Fehler bei manuele-tarozzi: list index out of range
[2026-05-01 13:50:36] Scrape Profil: alex-turrin...
[2026-05-01 13:50:37] ❌ Schwerer Fehler bei alex-turrin: list index out of range
[2026-05-01 13:50:42] Scrape Profil: matteo-rabottini...
[2026-05-01 13:50:42] ❌ Schwerer Fehler bei matteo-rabottini: list index out of range
[2026-05-01 13:58:20] Lade vorhandene Biometrie-Profile...
[2026-05-01 13:58:21] Gefundene Profile: 2291
[2026-05-01 13:58:21] Abgleich mit C:\projects\cycling_project\data\raw\V1_grand_tour_stage_results.jsonl...
[2026-05-01 13:58:21] Ergebnis: 140 Fahrer fehlen noch und werden jetzt gescrapt.
[2026-05-01 13:58:21] Scrape Profil: christian-werner...
[2026-05-01 13:58:21] ❌ Schwerer Fehler bei christian-werner: list index out of range
[2026-05-01 13:58:26] Scrape Profil: sergi-escobar-roure...
[2026-05-01 13:58:27] ❌ Schwerer Fehler bei sergi-escobar-roure: list index out of range
[2026-05-01 13:58:32] Scrape Profil: trent-wilson...
[2026-05-01 13:58:32] ❌ Schwerer Fehler bei trent-wilson: list index out of range
[2026-05-01 13:58:37] Scrape Profil: william-walker...
[2026-05-01 13:58:37] ❌ Schwerer Fehler bei william-walker: list index out of range
[2026-05-01 13:58:42] Scrape Profil: jonas-hem-hvideberg...
[2026-05-01 13:58:42] ❌ Schwerer Fehler bei jonas-hem-hvideberg: list index out of range
[2026-05-01 13:58:47] Scrape Profil: paolo-bailetti...
[2026-05-01 13:58:48] ❌ Schwerer Fehler bei paolo-bailetti: list index out of range
[2026-05-01 13:58:53] Scrape Profil: devis-miorin...
[2026-05-01 13:58:53] ❌ Schwerer Fehler bei devis-miorin: list index out of range
[2026-05-01 13:58:58] Scrape Profil: moreno-di-biase...
[2026-05-01 13:58:58] ❌ Schwerer Fehler bei moreno-di-biase: list index out of range
[2026-05-01 13:59:03] Scrape Profil: luis-fernandez-oliveira...
[2026-05-01 13:59:03] ❌ Schwerer Fehler bei luis-fernandez-oliveira: list index out of range
[2026-05-01 13:59:08] Scrape Profil: andrii-ponomar...
[2026-05-01 13:59:08] ❌ Schwerer Fehler bei andrii-ponomar: list index out of range
[2026-05-01 13:59:13] Scrape Profil: marco-fertonani...
[2026-05-01 13:59:13] ❌ Schwerer Fehler bei marco-fertonani: list index out of range
[2026-05-01 13:59:18] Scrape Profil: gaztanaga-echevarria...
[2026-05-01 13:59:19] ❌ Schwerer Fehler bei gaztanaga-echevarria: list index out of range
[2026-05-01 13:59:24] Scrape Profil: pierre-thierry...
[2026-05-01 13:59:24] ❌ Schwerer Fehler bei pierre-thierry: list index out of range
[2026-05-01 13:59:29] Scrape Profil: manuele-tarozzi...
[2026-05-01 13:59:29] ❌ Schwerer Fehler bei manuele-tarozzi: list index out of range
[2026-05-01 13:59:34] Scrape Profil: luca-rastelli...
[2026-05-01 13:59:34] ❌ Schwerer Fehler bei luca-rastelli: list index out of range
[2026-05-01 13:59:39] Scrape Profil: thomas-bonnet...
[2026-05-01 13:59:39] ❌ Schwerer Fehler bei thomas-bonnet: list index out of range
[2026-05-01 13:59:44] Scrape Profil: merhawi-kudus...
[2026-05-01 13:59:44] ❌ Schwerer Fehler bei merhawi-kudus: list index out of range
[2026-05-01 13:59:49] Scrape Profil: lukas-nerurkar...
[2026-05-01 13:59:50] ❌ Schwerer Fehler bei lukas-nerurkar: list index out of range
[2026-05-01 13:59:55] Scrape Profil: nicolas-hartmann...
[2026-05-01 13:59:55] ❌ Schwerer Fehler bei nicolas-hartmann: list index out of range
[2026-05-01 14:00:00] Scrape Profil: enzo-leijnse...
[2026-05-01 14:00:01] ❌ Schwerer Fehler bei enzo-leijnse: list index out of range
[2026-05-01 14:00:06] Scrape Profil: thomas-gachignard...
[2026-05-01 14:00:07] ❌ Schwerer Fehler bei thomas-gachignard: list index out of range
[2026-05-01 14:00:12] Scrape Profil: koldo-gil-perez...
[2026-05-01 14:00:12] ❌ Schwerer Fehler bei koldo-gil-perez: list index out of range
[2026-05-01 14:00:17] Scrape Profil: markel-beloki...
[2026-05-01 14:00:17] ❌ Schwerer Fehler bei markel-beloki: list index out of range
[2026-05-01 14:00:22] Scrape Profil: eladio-jimenez...
[2026-05-01 14:00:22] ❌ Schwerer Fehler bei eladio-jimenez: list index out of range
[2026-05-01 14:00:27] Scrape Profil: philippe-schnyder...
[2026-05-01 14:00:27] ❌ Schwerer Fehler bei philippe-schnyder: list index out of range
[2026-05-01 14:00:32] Scrape Profil: nadav-raisberg...
[2026-05-01 14:00:32] ❌ Schwerer Fehler bei nadav-raisberg: list index out of range
[2026-05-01 14:00:37] Scrape Profil: daniele-contrini...
[2026-05-01 14:00:38] ❌ Schwerer Fehler bei daniele-contrini: list index out of range
[2026-05-01 14:00:43] Scrape Profil: nicolas-vinokurov...
[2026-05-01 14:00:43] ❌ Schwerer Fehler bei nicolas-vinokurov: list index out of range
[2026-05-01 14:00:48] Scrape Profil: giosue-bonomi...
[2026-05-01 14:00:48] ❌ Schwerer Fehler bei giosue-bonomi: list index out of range
[2026-05-01 14:00:53] Scrape Profil: leandre-lozouet...
[2026-05-01 14:00:53] ❌ Schwerer Fehler bei leandre-lozouet: list index out of range
[2026-05-01 14:00:58] Scrape Profil: sergio-ghisalberti...
[2026-05-01 14:00:59] ❌ Schwerer Fehler bei sergio-ghisalberti: list index out of range
[2026-05-01 14:01:04] Scrape Profil: mario-de-sarraga...
[2026-05-01 14:01:04] ❌ Schwerer Fehler bei mario-de-sarraga: list index out of range
[2026-05-01 14:01:09] Scrape Profil: anders-halland-johannessen...
[2026-05-01 14:01:09] ❌ Schwerer Fehler bei anders-halland-johannessen: list index out of range
[2026-05-01 14:01:14] Scrape Profil: filippo-savini...
[2026-05-01 14:01:14] ❌ Schwerer Fehler bei filippo-savini: list index out of range
[2026-05-01 14:01:19] Scrape Profil: nicolas-dalla-valle...
[2026-05-01 14:01:19] ❌ Schwerer Fehler bei nicolas-dalla-valle: list index out of range
[2026-05-01 14:01:24] Scrape Profil: gabriele-bosisio...
[2026-05-01 14:01:25] ❌ Schwerer Fehler bei gabriele-bosisio: list index out of range
[2026-05-01 14:01:30] Scrape Profil: xabier-berasategi-garmendia...
[2026-05-01 14:01:30] ❌ Schwerer Fehler bei xabier-berasategi-garmendia: list index out of range
[2026-05-01 14:01:35] Scrape Profil: andrea-moletta...
[2026-05-01 14:01:35] ❌ Schwerer Fehler bei andrea-moletta: list index out of range
[2026-05-01 14:01:40] Scrape Profil: matthé-pronk...
[2026-05-01 14:01:40] ✅ matthé-pronk erfolgreich hinzugefügt.
[2026-05-01 14:01:50] Scrape Profil: sergio-barbero...
[2026-05-01 14:01:51] ❌ Schwerer Fehler bei sergio-barbero: list index out of range
[2026-05-01 14:01:56] Scrape Profil: guy-sagiv...
[2026-05-01 14:01:56] ❌ Schwerer Fehler bei guy-sagiv: list index out of range
[2026-05-01 14:02:01] Scrape Profil: jose-antonio-redondo-ramos...
[2026-05-01 14:02:01] ❌ Schwerer Fehler bei jose-antonio-redondo-ramos: list index out of range
[2026-05-01 14:02:06] Scrape Profil: tim-klinger...
[2026-05-01 14:02:06] ❌ Schwerer Fehler bei tim-klinger: list index out of range
[2026-05-01 14:02:11] Scrape Profil: alex-cano-ardila...
[2026-05-01 14:02:11] ❌ Schwerer Fehler bei alex-cano-ardila: list index out of range
[2026-05-01 14:02:16] Scrape Profil: nicolas-crosbie...
[2026-05-01 14:02:16] ❌ Schwerer Fehler bei nicolas-crosbie: list index out of range
[2026-05-01 14:02:21] Scrape Profil: matteo-rabottini...
[2026-05-01 14:02:21] ❌ Schwerer Fehler bei matteo-rabottini: list index out of range
[2026-05-01 14:02:26] Scrape Profil: gabriele-missaglia...
[2026-05-01 14:02:27] ❌ Schwerer Fehler bei gabriele-missaglia: list index out of range
[2026-05-01 14:02:32] Scrape Profil: sascha-urweider...
[2026-05-01 14:02:32] ❌ Schwerer Fehler bei sascha-urweider: list index out of range
[2026-05-01 14:02:37] Scrape Profil: ignacio-gutierrez...
[2026-05-01 14:02:37] ❌ Schwerer Fehler bei ignacio-gutierrez: list index out of range
[2026-05-01 14:02:42] Scrape Profil: filippo-magli2...
[2026-05-01 14:02:42] ❌ Schwerer Fehler bei filippo-magli2: list index out of range
[2026-05-01 14:02:47] Scrape Profil: angel-vallejo-dominguez...
[2026-05-01 14:02:47] ❌ Schwerer Fehler bei angel-vallejo-dominguez: list index out of range
[2026-05-01 14:02:52] Scrape Profil: sergio-dominguez-munoz...
[2026-05-01 14:02:53] ❌ Schwerer Fehler bei sergio-dominguez-munoz: list index out of range
[2026-05-01 14:02:58] Scrape Profil: adolfo-garcia-quesada...
[2026-05-01 14:02:58] ❌ Schwerer Fehler bei adolfo-garcia-quesada: list index out of range
[2026-05-01 14:03:03] Scrape Profil: david-blanco...
[2026-05-01 14:03:03] ❌ Schwerer Fehler bei david-blanco: list index out of range
[2026-05-01 14:03:08] Scrape Profil: oliver-knight...
[2026-05-01 14:03:08] ❌ Schwerer Fehler bei oliver-knight: list index out of range
[2026-05-01 14:03:13] Scrape Profil: ivan-quaranta...
[2026-05-01 14:03:13] ❌ Schwerer Fehler bei ivan-quaranta: list index out of range
[2026-05-01 14:03:18] Scrape Profil: thomas-ziegler...
[2026-05-01 14:03:18] ❌ Schwerer Fehler bei thomas-ziegler: list index out of range
[2026-05-01 14:03:23] Scrape Profil: embret-svestad-bardseng...
[2026-05-01 14:03:24] ❌ Schwerer Fehler bei embret-svestad-bardseng: list index out of range
[2026-05-01 14:03:29] Scrape Profil: henri-vandenabeele...
[2026-05-01 14:03:29] ❌ Schwerer Fehler bei henri-vandenabeele: list index out of range
[2026-05-01 14:03:34] Scrape Profil: unai-emillio-yus...
[2026-05-01 14:03:34] ❌ Schwerer Fehler bei unai-emillio-yus: list index out of range
[2026-05-01 14:03:39] Scrape Profil: javier-benitez-pomares...
[2026-05-01 14:03:39] ❌ Schwerer Fehler bei javier-benitez-pomares: list index out of range
[2026-05-01 14:03:44] Scrape Profil: aitor-galdos-alonso...
[2026-05-01 14:03:44] ❌ Schwerer Fehler bei aitor-galdos-alonso: list index out of range
[2026-05-01 14:03:49] Scrape Profil: gustavo-rodriguez-iglesias...
[2026-05-01 14:03:50] ❌ Schwerer Fehler bei gustavo-rodriguez-iglesias: list index out of range
[2026-05-01 14:03:55] Scrape Profil: andre-korff...
[2026-05-01 14:03:55] ❌ Schwerer Fehler bei andre-korff: list index out of range
[2026-05-01 14:04:00] Scrape Profil: paride-grillo...
[2026-05-01 14:04:00] ❌ Schwerer Fehler bei paride-grillo: list index out of range
[2026-05-01 14:04:05] Scrape Profil: natnael-berhane...
[2026-05-01 14:04:05] ❌ Schwerer Fehler bei natnael-berhane: list index out of range
[2026-05-01 14:04:10] Scrape Profil: giuliano-figueras...
[2026-05-01 14:04:10] ❌ Schwerer Fehler bei giuliano-figueras: list index out of range
[2026-05-01 14:04:15] Scrape Profil: javier-pascual-rodriguez...
[2026-05-01 14:04:16] ❌ Schwerer Fehler bei javier-pascual-rodriguez: list index out of range
[2026-05-01 14:04:21] Scrape Profil: francisco-jose-lara...
[2026-05-01 14:04:21] ❌ Schwerer Fehler bei francisco-jose-lara: list index out of range
[2026-05-01 14:04:26] Scrape Profil: jorge-martin-montenegro...
[2026-05-01 14:04:26] ❌ Schwerer Fehler bei jorge-martin-montenegro: list index out of range
[2026-05-01 14:04:31] Scrape Profil: mario-faria-da-costa...
[2026-05-01 14:04:31] ❌ Schwerer Fehler bei mario-faria-da-costa: list index out of range
[2026-05-01 14:04:36] Scrape Profil: elia-rigotto...
[2026-05-01 14:04:36] ❌ Schwerer Fehler bei elia-rigotto: list index out of range
[2026-05-01 14:04:41] Scrape Profil: jean-eudes-demaret...
[2026-05-01 14:04:42] ❌ Schwerer Fehler bei jean-eudes-demaret: list index out of range
[2026-05-01 14:04:47] Scrape Profil: jorge-garcia-marin...
[2026-05-01 14:04:47] ❌ Schwerer Fehler bei jorge-garcia-marin: list index out of range
[2026-05-01 14:04:52] Scrape Profil: alan-jousseaume...
[2026-05-01 14:04:52] ❌ Schwerer Fehler bei alan-jousseaume: list index out of range
[2026-05-01 14:04:57] Scrape Profil: alexander-arekeev...
[2026-05-01 14:04:57] ❌ Schwerer Fehler bei alexander-arekeev: list index out of range
[2026-05-01 14:05:02] Scrape Profil: mathias-norsgaard...
[2026-05-01 14:05:02] ❌ Schwerer Fehler bei mathias-norsgaard: list index out of range
[2026-05-01 14:05:07] Scrape Profil: sandy-dujardin...
[2026-05-01 14:05:07] ❌ Schwerer Fehler bei sandy-dujardin: list index out of range
[2026-05-01 14:05:12] Scrape Profil: oscar-garcia-casarrubios...
[2026-05-01 14:05:12] ❌ Schwerer Fehler bei oscar-garcia-casarrubios: list index out of range
[2026-05-01 14:05:18] Scrape Profil: roman-ermakov...
[2026-05-01 14:05:18] ❌ Schwerer Fehler bei roman-ermakov: list index out of range
[2026-05-01 14:05:23] Scrape Profil: andrea-tonti...
[2026-05-01 14:05:23] ❌ Schwerer Fehler bei andrea-tonti: list index out of range
[2026-05-01 14:05:28] Scrape Profil: victor-cabedo...
[2026-05-01 14:05:28] ❌ Schwerer Fehler bei victor-cabedo: list index out of range
[2026-05-01 14:05:33] Scrape Profil: scott-davies...
[2026-05-01 14:05:33] ❌ Schwerer Fehler bei scott-davies: list index out of range
[2026-05-01 14:05:38] Scrape Profil: casper-van-uden...
[2026-05-01 14:05:39] ❌ Schwerer Fehler bei casper-van-uden: list index out of range
[2026-05-01 14:05:44] Scrape Profil: cheng-ji...
[2026-05-01 14:05:44] ❌ Schwerer Fehler bei cheng-ji: list index out of range
[2026-05-01 14:05:49] Scrape Profil: sebastian-schwager...
[2026-05-01 14:05:49] ❌ Schwerer Fehler bei sebastian-schwager: list index out of range
[2026-05-01 14:05:54] Scrape Profil: juan-fuentes...
[2026-05-01 14:05:54] ❌ Schwerer Fehler bei juan-fuentes: list index out of range
[2026-05-01 14:05:59] Scrape Profil: hector-gonzalez-baeza...
[2026-05-01 14:06:00] ❌ Schwerer Fehler bei hector-gonzalez-baeza: list index out of range
[2026-05-01 14:06:05] Scrape Profil: xabier-isasa-larranaga...
[2026-05-01 14:06:05] ❌ Schwerer Fehler bei xabier-isasa-larranaga: list index out of range
[2026-05-01 14:06:10] Scrape Profil: jose-antonio-lopez...
[2026-05-01 14:06:10] ❌ Schwerer Fehler bei jose-antonio-lopez: list index out of range
[2026-05-01 14:06:15] Scrape Profil: jose-miguel-elias-galindo...
[2026-05-01 14:06:15] ❌ Schwerer Fehler bei jose-miguel-elias-galindo: list index out of range
[2026-05-01 14:06:20] Scrape Profil: theo-eltink...
[2026-05-01 14:06:20] ❌ Schwerer Fehler bei theo-eltink: list index out of range
[2026-05-01 14:06:25] Scrape Profil: luca-solari...
[2026-05-01 14:06:25] ❌ Schwerer Fehler bei luca-solari: list index out of range
[2026-05-01 14:06:30] Scrape Profil: anton-luengo...
[2026-05-01 14:06:30] ❌ Schwerer Fehler bei anton-luengo: list index out of range
[2026-05-01 14:06:35] Scrape Profil: yannis-voisard...
[2026-05-01 14:06:36] ❌ Schwerer Fehler bei yannis-voisard: list index out of range
[2026-05-01 14:06:41] Scrape Profil: alessandro-pinarello...
[2026-05-01 14:06:41] ❌ Schwerer Fehler bei alessandro-pinarello: list index out of range
[2026-05-01 14:06:46] Scrape Profil: andreas-matzbacher...
[2026-05-01 14:06:46] ❌ Schwerer Fehler bei andreas-matzbacher: list index out of range
[2026-05-01 14:06:51] Scrape Profil: aaron-olsen...
[2026-05-01 14:06:51] ❌ Schwerer Fehler bei aaron-olsen: list index out of range
[2026-05-01 14:06:56] Scrape Profil: itamar-einhorn...
[2026-05-01 14:06:56] ❌ Schwerer Fehler bei itamar-einhorn: list index out of range
[2026-05-01 14:07:01] Scrape Profil: matheo-vercher...
[2026-05-01 14:07:01] ❌ Schwerer Fehler bei matheo-vercher: list index out of range
[2026-05-01 14:07:06] Scrape Profil: francisco-jose-martinez-perez...
[2026-05-01 14:07:07] ❌ Schwerer Fehler bei francisco-jose-martinez-perez: list index out of range
[2026-05-01 14:07:12] Scrape Profil: francesco-romano...
[2026-05-01 14:07:12] ❌ Schwerer Fehler bei francesco-romano: list index out of range
[2026-05-01 14:07:17] Scrape Profil: carlos-castano-panadero...
[2026-05-01 14:07:17] ❌ Schwerer Fehler bei carlos-castano-panadero: list index out of range
[2026-05-01 14:07:22] Scrape Profil: luca-barla...
[2026-05-01 14:07:22] ❌ Schwerer Fehler bei luca-barla: list index out of range
[2026-05-01 14:07:27] Scrape Profil: wilson-alexander-marentes...
[2026-05-01 14:07:27] ❌ Schwerer Fehler bei wilson-alexander-marentes: list index out of range
[2026-05-01 14:07:32] Scrape Profil: raul-garcia...
[2026-05-01 14:07:32] ❌ Schwerer Fehler bei raul-garcia: list index out of range
[2026-05-01 14:07:37] Scrape Profil: jose-ruiz-sanchez...
[2026-05-01 14:07:37] ❌ Schwerer Fehler bei jose-ruiz-sanchez: list index out of range
[2026-05-01 14:07:42] Scrape Profil: martin-tjotta...
[2026-05-01 14:07:43] ❌ Schwerer Fehler bei martin-tjotta: list index out of range
[2026-05-01 14:07:48] Scrape Profil: jose-cayetano-julia...
[2026-05-01 14:07:48] ❌ Schwerer Fehler bei jose-cayetano-julia: list index out of range
[2026-05-01 14:07:53] Scrape Profil: ibai-azurmendi-sagastibel...
[2026-05-01 14:07:53] ❌ Schwerer Fehler bei ibai-azurmendi-sagastibel: list index out of range
[2026-05-01 14:07:58] Scrape Profil: nickolas-zukowsky...
[2026-05-01 14:07:58] ❌ Schwerer Fehler bei nickolas-zukowsky: list index out of range
[2026-05-01 14:08:03] Scrape Profil: nicolo-buratti...
[2026-05-01 14:08:04] ❌ Schwerer Fehler bei nicolo-buratti: list index out of range
[2026-05-01 14:08:09] Scrape Profil: jose-luis-carrasco-gamiz...
[2026-05-01 14:08:09] ❌ Schwerer Fehler bei jose-luis-carrasco-gamiz: list index out of range
[2026-05-01 14:08:14] Scrape Profil: juan-olmo-menacho...
[2026-05-01 14:08:14] ❌ Schwerer Fehler bei juan-olmo-menacho: list index out of range
[2026-05-01 14:08:19] Scrape Profil: gustavo-dominguez-lemos...
[2026-05-01 14:08:19] ❌ Schwerer Fehler bei gustavo-dominguez-lemos: list index out of range
[2026-05-01 14:08:24] Scrape Profil: yevgeniy-fedorov...
[2026-05-01 14:08:25] ❌ Schwerer Fehler bei yevgeniy-fedorov: list index out of range
[2026-05-01 14:08:30] Scrape Profil: francisco-jose-pacheco...
[2026-05-01 14:08:30] ❌ Schwerer Fehler bei francisco-jose-pacheco: list index out of range
[2026-05-01 14:08:35] Scrape Profil: francisco-jose-terciado-sacedo...
[2026-05-01 14:08:35] ❌ Schwerer Fehler bei francisco-jose-terciado-sacedo: list index out of range
[2026-05-01 14:08:40] Scrape Profil: fabio-christen...
[2026-05-01 14:08:40] ❌ Schwerer Fehler bei fabio-christen: list index out of range
[2026-05-01 14:08:45] Scrape Profil: anton-kuzmin...
[2026-05-01 14:08:46] ❌ Schwerer Fehler bei anton-kuzmin: list index out of range
[2026-05-01 14:08:51] Scrape Profil: bjoern-koerdt...
[2026-05-01 14:08:51] ❌ Schwerer Fehler bei bjoern-koerdt: list index out of range
[2026-05-01 14:08:56] Scrape Profil: emanuele-bindi...
[2026-05-01 14:08:56] ❌ Schwerer Fehler bei emanuele-bindi: list index out of range
[2026-05-01 14:09:01] Scrape Profil: joseba-zubeldia...
[2026-05-01 14:09:01] ❌ Schwerer Fehler bei joseba-zubeldia: list index out of range
[2026-05-01 14:09:06] Scrape Profil: jose-antonio-carrasco-ramirez...
[2026-05-01 14:09:06] ❌ Schwerer Fehler bei jose-antonio-carrasco-ramirez: list index out of range
[2026-05-01 14:09:11] Scrape Profil: alex-turrin...
[2026-05-01 14:09:11] ❌ Schwerer Fehler bei alex-turrin: list index out of range
[2026-05-01 14:09:16] Scrape Profil: xabier-mikel-azparren-irurzun...
[2026-05-01 14:09:16] ❌ Schwerer Fehler bei xabier-mikel-azparren-irurzun: list index out of range
[2026-05-01 14:09:21] Scrape Profil: victor-guernalec...
[2026-05-01 14:09:22] ❌ Schwerer Fehler bei victor-guernalec: list index out of range
[2026-05-01 14:09:27] Scrape Profil: emilien-jeanniere...
[2026-05-01 14:09:27] ❌ Schwerer Fehler bei emilien-jeanniere: list index out of range
[2026-05-01 14:09:32] Scrape Profil: guillermo-juan-martinez...
[2026-05-01 14:09:32] ❌ Schwerer Fehler bei guillermo-juan-martinez: list index out of range
[2026-05-01 14:09:37] Scrape Profil: romain-gregoire...
[2026-05-01 14:09:37] ✅ romain-gregoire erfolgreich hinzugefügt.
[2026-05-01 14:09:48] Scrape Profil: alberto-fernandez-sainz...
[2026-05-01 14:09:48] ❌ Schwerer Fehler bei alberto-fernandez-sainz: list index out of range
[2026-05-01 14:09:53] Scrape Profil: andrea-pagoto...
[2026-05-01 14:09:53] ❌ Schwerer Fehler bei andrea-pagoto: list index out of range
[2026-05-01 14:09:58] Scrape Profil: russell-van-hout...
[2026-05-01 14:09:59] ❌ Schwerer Fehler bei russell-van-hout: list index out of range
[2026-05-01 14:10:04] Scrape Profil: aketza-pena...
[2026-05-01 14:10:04] ❌ Schwerer Fehler bei aketza-pena: list index out of range
[2026-05-01 14:10:09] Scrape Profil: viatcheslav-ekimov...
[2026-05-01 14:10:10] ❌ Schwerer Fehler bei viatcheslav-ekimov: list index out of range
[2026-05-01 14:10:15] Scrape Profil: oscar-mason...
[2026-05-01 14:10:15] ❌ Schwerer Fehler bei oscar-mason: list index out of range
[2026-05-01 14:10:20] Scrape Profil: gorka-gonzalez-larranaga...
[2026-05-01 14:10:20] ❌ Schwerer Fehler bei gorka-gonzalez-larranaga: list index out of range
[2026-05-01 14:10:25] Scrape Profil: jardi-christiaan-van-der-lee...
[2026-05-01 14:10:26] ❌ Schwerer Fehler bei jardi-christiaan-van-der-lee: list index out of range
[2026-05-01 14:10:31] Scrape Profil: eric-leblacher...
[2026-05-01 14:10:31] ❌ Schwerer Fehler bei eric-leblacher: list index out of range
[2026-05-01 14:10:36] Scrape Profil: alessio-martinelli...
[2026-05-01 14:10:36] ❌ Schwerer Fehler bei alessio-martinelli: list index out of range
